#
# There is insufficient memory for the Java Runtime Environment to continue.
# Native memory allocation (mmap) failed to map 167772160 bytes for Failed to commit area from 0x0000000760c00000 to 0x000000076ac00000 of length 167772160.
# Possible reasons:
#   The system is out of physical RAM or swap space
#   The process is running with CompressedOops enabled, and the Java Heap may be blocking the growth of the native heap
# Possible solutions:
#   Reduce memory load on the system
#   Increase physical memory or swap space
#   Check if swap backing store is full
#   Decrease Java heap size (-Xmx/-Xms)
#   Decrease number of Java threads
#   Decrease Java thread stack sizes (-Xss)
#   Set larger code cache with -XX:ReservedCodeCacheSize=
# This output file may be truncated or incomplete.
#
#  Out of Memory Error (./src/hotspot/os/windows/os_windows.cpp:3619), pid=5264, tid=5064
#
# JRE version:  (11.0.13+7) (build )
# Java VM: OpenJDK 64-Bit Server VM (11.0.13+7-b1751.19, mixed mode, sharing, tiered, compressed oops, g1 gc, windows-amd64)
# No core dump will be written. Minidumps are not enabled by default on client versions of Windows
#

---------------  S U M M A R Y ------------

Command Line: git4idea.http.GitAskPassApp Username for 'https://github.com': 

Host: Intel(R) Core(TM) i5-3470 CPU @ 3.20GHz, 4 cores, 9G,  Windows 10 , 64 bit Build 18362 (10.0.18362.86)
Time: Wed Aug 10 22:53:56 2022 Oeieyiaey (eaoi) elapsed time: 0.037994 seconds (0d 0h 0m 0s)

---------------  T H R E A D  ---------------

Current thread (0x0000016a3df5b800):  JavaThread "Unknown thread" [_thread_in_vm, id=5064, stack(0x0000006308c00000,0x0000006308d00000)]

Stack: [0x0000006308c00000,0x0000006308d00000]
Native frames: (J=compiled Java code, j=interpreted, Vv=VM code, C=native code)
V  [jvm.dll+0x613ada]
V  [jvm.dll+0x799a80]
V  [jvm.dll+0x79b09d]
V  [jvm.dll+0x79b773]
V  [jvm.dll+0x24c4c8]
V  [jvm.dll+0x610b64]
V  [jvm.dll+0x605855]
V  [jvm.dll+0x30aaeb]
V  [jvm.dll+0x30aa5a]
V  [jvm.dll+0x30a932]
V  [jvm.dll+0x30f896]
V  [jvm.dll+0x359293]
V  [jvm.dll+0x359996]
V  [jvm.dll+0x359393]
V  [jvm.dll+0x2e5308]
V  [jvm.dll+0x2e64b7]
V  [jvm.dll+0x7769c7]
V  [jvm.dll+0x7781bc]
V  [jvm.dll+0x366829]
V  [jvm.dll+0x75a52e]
V  [jvm.dll+0x3d4923]
V  [jvm.dll+0x3d6e91]
C  [jli.dll+0x536b]
C  [ucrtbase.dll+0x1d912]
C  [KERNEL32.DLL+0x17bd4]
C  [ntdll.dll+0x6ce71]


---------------  P R O C E S S  ---------------

Threads class SMR info:
_java_thread_list=0x0000016a3be74bf0, length=0, elements={
}

Java Threads: ( => current thread )

Other Threads:
  0x0000016a3df76000 GCTaskThread "GC Thread#0" [stack: 0x0000006308d00000,0x0000006308e00000] [id=9664]
  0x0000016a3dfb1000 ConcurrentGCThread "G1 Main Marker" [stack: 0x0000006308e00000,0x0000006308f00000] [id=12132]
  0x0000016a3dfb3800 ConcurrentGCThread "G1 Conc#0" [stack: 0x0000006308f00000,0x0000006309000000] [id=11804]

[error occurred during error reporting (printing all threads), id 0xc0000005, EXCEPTION_ACCESS_VIOLATION (0xc0000005) at pc=0x00007fffaa8f5b77]

VM state:not at safepoint (not fully initialized)

VM Mutex/Monitor currently owned by a thread:  ([mutex/lock_event])
[0x0000016a3df57cd0] Heap_lock - owner thread: 0x0000016a3df5b800

Heap address: 0x0000000760c00000, size: 2548 MB, Compressed Oops mode: Non-zero based: 0x0000000760c00000
Narrow klass base: 0x0000000000000000, Narrow klass shift: 0

GC Heap History (0 events):
No events

Deoptimization events (0 events):
No events

Classes redefined (0 events):
No events

Internal exceptions (0 events):
No events

Events (1 events):
Event: 0.027 Loaded shared library C:\Program Files\JetBrains\WebStorm 2021.3\jbr\bin\zip.dll


Dynamic libraries:
0x00007ff748720000 - 0x00007ff74872a000 	C:\Program Files\JetBrains\WebStorm 2021.3\jbr\bin\java.exe
0x00007fffe7900000 - 0x00007fffe7af0000 	C:\Windows\SYSTEM32\ntdll.dll
0x00007fffe61c0000 - 0x00007fffe6272000 	C:\Windows\System32\KERNEL32.DLL
0x00007fffe5030000 - 0x00007fffe52d3000 	C:\Windows\System32\KERNELBASE.dll
0x00007fffe5310000 - 0x00007fffe540a000 	C:\Windows\System32\ucrtbase.dll
0x00007fffe0700000 - 0x00007fffe0719000 	C:\Program Files\JetBrains\WebStorm 2021.3\jbr\bin\jli.dll
0x00007fffd9ae0000 - 0x00007fffd9af7000 	C:\Program Files\JetBrains\WebStorm 2021.3\jbr\bin\VCRUNTIME140.dll
0x00007fffe6540000 - 0x00007fffe66d3000 	C:\Windows\System32\USER32.dll
0x00007fffe52e0000 - 0x00007fffe5301000 	C:\Windows\System32\win32u.dll
0x00007fffe7890000 - 0x00007fffe78b6000 	C:\Windows\System32\GDI32.dll
0x00007fffe5410000 - 0x00007fffe55a4000 	C:\Windows\System32\gdi32full.dll
0x00007fffdd320000 - 0x00007fffdd5a5000 	C:\Windows\WinSxS\amd64_microsoft.windows.common-controls_6595b64144ccf1df_6.0.18362.175_none_e6c3ab1f131014c9\COMCTL32.dll
0x00007fffe55e0000 - 0x00007fffe567e000 	C:\Windows\System32\msvcp_win.dll
0x00007fffe5bb0000 - 0x00007fffe5c4e000 	C:\Windows\System32\msvcrt.dll
0x00007fffe7290000 - 0x00007fffe75c6000 	C:\Windows\System32\combase.dll
0x00007fffe60a0000 - 0x00007fffe61c0000 	C:\Windows\System32\RPCRT4.dll
0x00007fffe5880000 - 0x00007fffe5901000 	C:\Windows\System32\bcryptPrimitives.dll
0x00007fffe6280000 - 0x00007fffe62ae000 	C:\Windows\System32\IMM32.DLL
0x00007fffc9d00000 - 0x00007fffc9d9d000 	C:\Program Files\JetBrains\WebStorm 2021.3\jbr\bin\msvcp140.dll
0x00007fffaa600000 - 0x00007fffab176000 	C:\Program Files\JetBrains\WebStorm 2021.3\jbr\bin\server\jvm.dll
0x00007fffe59c0000 - 0x00007fffe5a63000 	C:\Windows\System32\ADVAPI32.dll
0x00007fffe5f50000 - 0x00007fffe5fe7000 	C:\Windows\System32\sechost.dll
0x00007fffe6440000 - 0x00007fffe6448000 	C:\Windows\System32\PSAPI.DLL
0x00007fffd37c0000 - 0x00007fffd37c9000 	C:\Windows\SYSTEM32\WSOCK32.dll
0x00007fffe5c50000 - 0x00007fffe5cbf000 	C:\Windows\System32\WS2_32.dll
0x00007fffe2870000 - 0x00007fffe2894000 	C:\Windows\SYSTEM32\WINMM.dll
0x00007fffdd5c0000 - 0x00007fffdd5ca000 	C:\Windows\SYSTEM32\VERSION.dll
0x00007fffe2840000 - 0x00007fffe286d000 	C:\Windows\SYSTEM32\WINMMBASE.dll
0x00007fffe5970000 - 0x00007fffe59ba000 	C:\Windows\System32\cfgmgr32.dll
0x00007fffe4800000 - 0x00007fffe4811000 	C:\Windows\System32\kernel.appcore.dll
0x00007fffe0b10000 - 0x00007fffe0b21000 	C:\Program Files\JetBrains\WebStorm 2021.3\jbr\bin\verify.dll
0x00007fffd3bc0000 - 0x00007fffd3db4000 	C:\Windows\SYSTEM32\DBGHELP.DLL
0x00007fffd3a90000 - 0x00007fffd3aba000 	C:\Windows\SYSTEM32\dbgcore.DLL
0x00007fffe0ae0000 - 0x00007fffe0b09000 	C:\Program Files\JetBrains\WebStorm 2021.3\jbr\bin\java.dll
0x00007fffe2a20000 - 0x00007fffe2a2b000 	C:\Program Files\JetBrains\WebStorm 2021.3\jbr\bin\jimage.dll
0x00007fffe01f0000 - 0x00007fffe0208000 	C:\Program Files\JetBrains\WebStorm 2021.3\jbr\bin\zip.dll

dbghelp: loaded successfully - version: 4.0.5 - missing functions: none
symbol engine: initialized successfully - sym options: 0x614 - pdb path: .;C:\Program Files\JetBrains\WebStorm 2021.3\jbr\bin;C:\Windows\SYSTEM32;C:\Windows\WinSxS\amd64_microsoft.windows.common-controls_6595b64144ccf1df_6.0.18362.175_none_e6c3ab1f131014c9;C:\Program Files\JetBrains\WebStorm 2021.3\jbr\bin\server

VM Arguments:
java_command: git4idea.http.GitAskPassApp Username for 'https://github.com': 
java_class_path (initial): C:/Program Files/JetBrains/WebStorm 2021.3/plugins/git4idea/lib/git4idea-rt.jar;C:/Program Files/JetBrains/WebStorm 2021.3/lib/3rd-party.jar;C:/Program Files/JetBrains/WebStorm 2021.3/lib/3rd-party-rt.jar
Launcher Type: SUN_STANDARD

[Global flags]
     intx CICompilerCount                          = 3                                         {product} {ergonomic}
     uint ConcGCThreads                            = 1                                         {product} {ergonomic}
     uint G1ConcRefinementThreads                  = 4                                         {product} {ergonomic}
   size_t G1HeapRegionSize                         = 1048576                                   {product} {ergonomic}
    uintx GCDrainStackTargetSize                   = 64                                        {product} {ergonomic}
   size_t InitialHeapSize                          = 167772160                                 {product} {ergonomic}
   size_t MarkStackSize                            = 4194304                                   {product} {ergonomic}
   size_t MaxHeapSize                              = 2671771648                                {product} {ergonomic}
   size_t MinHeapDeltaBytes                        = 1048576                                   {product} {ergonomic}
    uintx NonNMethodCodeHeapSize                   = 5830732                                {pd product} {ergonomic}
    uintx NonProfiledCodeHeapSize                  = 122913754                              {pd product} {ergonomic}
    uintx ProfiledCodeHeapSize                     = 122913754                              {pd product} {ergonomic}
    uintx ReservedCodeCacheSize                    = 251658240                              {pd product} {ergonomic}
     bool SegmentedCodeCache                       = true                                      {product} {ergonomic}
     bool UseCompressedClassPointers               = true                                 {lp64_product} {ergonomic}
     bool UseCompressedOops                        = true                                 {lp64_product} {ergonomic}
     bool UseG1GC                                  = true                                      {product} {ergonomic}
     bool UseLargePagesIndividualAllocation        = false                                  {pd product} {ergonomic}

Logging:
Log output configuration:
 #0: stdout all=warning uptime,level,tags
 #1: stderr all=off uptime,level,tags

Environment Variables:
PATH=C:\Program Files\Git\mingw64\libexec\git-core;C:\Program Files\Git\mingw64\libexec\git-core;C:\Program Files\Git\mingw64\bin;C:\Program Files\Git\usr\bin;C:\Users\anton\bin;C:\Program Files (x86)\NVIDIA Corporation\PhysX\Common;C:\Windows\system32;C:\Windows;C:\Windows\System32\Wbem;C:\Windows\System32\WindowsPowerShell\v1.0;C:\Windows\System32\OpenSSH;C:\Program Files\nodejs;C:\Program Files\Git\cmd;C:\Users\anton\AppData\Local\Microsoft\WindowsApps;C:\Users\anton\AppData\Local\Programs\Microsoft VS Code\bin;C:\Users\anton\AppData\Roaming\npm
USERNAME=anton
DISPLAY=:0.0
LC_ALL=en_US.UTF-8
OS=Windows_NT
PROCESSOR_IDENTIFIER=Intel64 Family 6 Model 58 Stepping 9, GenuineIntel



---------------  S Y S T E M  ---------------

OS: Windows 10 , 64 bit Build 18362 (10.0.18362.86)
OS uptime: 6 days 4:14 hours

CPU:total 4 (initial active 4) (4 cores per cpu, 1 threads per core) family 6 model 58 stepping 9 microcode 0x21, cmov, cx8, fxsr, mmx, sse, sse2, sse3, ssse3, sse4.1, sse4.2, popcnt, avx, aes, clmul, erms, tsc, tscinvbit, tscinv

Memory: 4k page, system-wide physical 10186M (417M free)
TotalPageFile size 12204M (AvailPageFile size 147M)
current process WorkingSet (physical memory assigned to process): 9M, peak: 9M
current process commit charge ("private bytes"): 51M, peak: 211M

vm_info: OpenJDK 64-Bit Server VM (11.0.13+7-b1751.19) for windows-amd64 JRE (11.0.13+7-b1751.19), built on Nov  9 2021 11:31:28 by "" with MS VC++ 14.0 (VS2015)

END.
